TN:
SF:F:\wuxianqiang\vue-demo\demo\20191019\index.js
FN:3,sum
FN:9,(anonymous_1)
FN:10,(anonymous_2)
FN:16,(anonymous_3)
FN:17,(anonymous_4)
FN:18,(anonymous_5)
FN:25,(anonymous_6)
FN:30,(anonymous_7)
FNF:8
FNH:8
FNDA:1,sum
FNDA:2,(anonymous_1)
FNDA:4,(anonymous_2)
FNDA:2,(anonymous_3)
FNDA:2,(anonymous_4)
FNDA:2,(anonymous_5)
FNDA:1,(anonymous_6)
FNDA:1,(anonymous_7)
DA:4,1
DA:9,3
DA:10,2
DA:11,4
DA:16,3
DA:17,2
DA:18,2
DA:19,2
DA:25,3
DA:26,1
DA:30,3
DA:31,1
LF:12
LH:12
BRF:0
BRH:0
end_of_record
